Log file open, 12/12/20 02:23:05
LogInit: Display: Running engine for game: fps
LogPlatformFile: Not using cached read wrapper
LogTaskGraph: Started task graph with 5 named threads and 11 total threads with 3 sets of task threads.
LogStats: Stats thread started at 1.693413
LogD3D11RHI: Loaded GFSDK_Aftermath_Lib.x64.dll
LogICUInternationalization: ICU TimeZone Detection - Raw Offset: +3:00, Platform Override: ''
LogPluginManager: Mounting plugin Paper2D
LogPluginManager: Mounting plugin AISupport
LogPluginManager: Mounting plugin LightPropagationVolume
LogPluginManager: Mounting plugin CameraShakePreviewer
LogPluginManager: Mounting plugin ActorLayerUtilities
LogPluginManager: Mounting plugin AnimationSharing
LogPluginManager: Mounting plugin CLionSourceCodeAccess
LogPluginManager: Mounting plugin CodeLiteSourceCodeAccess
LogPluginManager: Mounting plugin GitSourceControl
LogPluginManager: Mounting plugin KDevelopSourceCodeAccess
LogPluginManager: Mounting plugin NullSourceCodeAccess
LogPluginManager: Mounting plugin PerforceSourceControl
LogPluginManager: Mounting plugin PlasticSourceControl
LogPluginManager: Mounting plugin RiderSourceCodeAccess
LogPluginManager: Mounting plugin SubversionSourceControl
LogPluginManager: Mounting plugin UObjectPlugin
LogPluginManager: Mounting plugin VisualStudioCodeSourceCodeAccess
LogPluginManager: Mounting plugin VisualStudioSourceCodeAccess
LogPluginManager: Mounting plugin XCodeSourceCodeAccess
LogPluginManager: Mounting plugin AssetManagerEditor
LogPluginManager: Mounting plugin CryptoKeys
LogPluginManager: Mounting plugin CurveEditorTools
LogPluginManager: Mounting plugin DataValidation
LogPluginManager: Mounting plugin EditorScriptingUtilities
LogPluginManager: Mounting plugin FacialAnimation
LogPluginManager: Mounting plugin GameplayTagsEditor
LogPluginManager: Mounting plugin GeometryMode
LogPluginManager: Mounting plugin MacGraphicsSwitching
LogPluginManager: Mounting plugin MaterialAnalyzer
LogPluginManager: Mounting plugin MobileLauncherProfileWizard
LogPluginManager: Mounting plugin PluginBrowser
LogPluginManager: Mounting plugin SpeedTreeImporter
LogPluginManager: Mounting plugin DatasmithContent
LogPluginManager: Mounting plugin VariantManagerContent
LogPluginManager: Mounting plugin AlembicImporter
LogPluginManager: Mounting plugin AutomationUtils
LogPluginManager: Mounting plugin BackChannel
LogPluginManager: Mounting plugin ChaosCloth
LogPluginManager: Mounting plugin ChaosClothEditor
LogPluginManager: Mounting plugin ChaosEditor
LogPluginManager: Mounting plugin ChaosNiagara
LogPluginManager: Mounting plugin ChaosSolverPlugin
LogPluginManager: Mounting plugin CharacterAI
LogPluginManager: Mounting plugin GeometryCache
LogPluginManager: Mounting plugin GeometryCollectionPlugin
LogPluginManager: Mounting plugin GeometryProcessing
LogPluginManager: Mounting plugin PlanarCut
LogPluginManager: Mounting plugin PlatformCrypto
LogPluginManager: Mounting plugin ProxyLODPlugin
LogPluginManager: Mounting plugin SkeletalReduction
LogPluginManager: Mounting plugin Niagara
LogPluginManager: Mounting plugin MagicLeap
LogPluginManager: Mounting plugin MagicLeapLightEstimation
LogPluginManager: Mounting plugin MagicLeapMedia
LogPluginManager: Mounting plugin MagicLeapPassableWorld
LogPluginManager: Mounting plugin MLSDK
LogPluginManager: Mounting plugin AndroidMedia
LogPluginManager: Mounting plugin AvfMedia
LogPluginManager: Mounting plugin ImgMedia
LogPluginManager: Mounting plugin MediaCompositing
LogPluginManager: Mounting plugin MediaPlayerEditor
LogPluginManager: Mounting plugin WebMMedia
LogPluginManager: Mounting plugin WmfMedia
LogPluginManager: Mounting plugin MeshPainting
LogPluginManager: Mounting plugin TcpMessaging
LogPluginManager: Mounting plugin UdpMessaging
LogPluginManager: Mounting plugin ActorSequence
LogPluginManager: Mounting plugin LevelSequenceEditor
LogPluginManager: Mounting plugin MatineeToLevelSequence
LogPluginManager: Mounting plugin MovieRenderPipeline
LogPluginManager: Mounting plugin TemplateSequence
LogPluginManager: Mounting plugin NetcodeUnitTest
LogPluginManager: Mounting plugin NUTUnrealEngine4
LogPluginManager: Mounting plugin OnlineSubsystemGooglePlay
LogPluginManager: Mounting plugin OnlineSubsystemIOS
LogPluginManager: Mounting plugin OnlineSubsystem
LogPluginManager: Mounting plugin OnlineSubsystemNull
LogPluginManager: Mounting plugin OnlineSubsystemUtils
LogPluginManager: Mounting plugin LauncherChunkInstaller
LogPluginManager: Mounting plugin AndroidDeviceProfileSelector
LogPluginManager: Mounting plugin AndroidMoviePlayer
LogPluginManager: Mounting plugin AndroidPermission
LogPluginManager: Mounting plugin AppleImageUtils
LogPluginManager: Mounting plugin AppleMoviePlayer
LogPluginManager: Mounting plugin ArchVisCharacter
LogPluginManager: Mounting plugin AssetTags
LogPluginManager: Mounting plugin AudioCapture
LogPluginManager: Mounting plugin CableComponent
LogPluginManager: Mounting plugin CustomMeshComponent
LogPluginManager: Mounting plugin EditableMesh
LogPluginManager: Mounting plugin ExampleDeviceProfileSelector
LogPluginManager: Mounting plugin GoogleCloudMessaging
LogPluginManager: Mounting plugin GooglePAD
LogPluginManager: Mounting plugin IOSDeviceProfileSelector
LogPluginManager: Mounting plugin LinuxDeviceProfileSelector
LogPluginManager: Mounting plugin LocationServicesBPLibrary
LogPluginManager: Mounting plugin MobilePatchingUtils
LogPluginManager: Mounting plugin OculusVR
LogPluginManager: Mounting plugin PhysXVehicles
LogPluginManager: Mounting plugin PostSplashScreen
LogPluginManager: Mounting plugin ProceduralMeshComponent
LogPluginManager: Mounting plugin RuntimePhysXCooking
LogPluginManager: Mounting plugin SignificanceManager
LogPluginManager: Mounting plugin SoundFields
LogPluginManager: Mounting plugin SteamVR
LogPluginManager: Mounting plugin Synthesis
LogPluginManager: Mounting plugin WebMMoviePlayer
LogPluginManager: Mounting plugin WindowsMoviePlayer
LogPluginManager: Mounting plugin ScreenshotTools
LogInit: Using libcurl 7.55.1-DEV
LogInit:  - built for x86_64-pc-win32
LogInit:  - supports SSL with OpenSSL/1.1.1
LogInit:  - supports HTTP deflate (compression) using libz 1.2.8
LogInit:  - other features:
LogInit:      CURL_VERSION_SSL
LogInit:      CURL_VERSION_LIBZ
LogInit:      CURL_VERSION_IPV6
LogInit:      CURL_VERSION_ASYNCHDNS
LogInit:      CURL_VERSION_LARGEFILE
LogInit:      CURL_VERSION_IDN
LogInit:  CurlRequestOptions (configurable via config and command line):
LogInit:  - bVerifyPeer = true  - Libcurl will verify peer certificate
LogInit:  - bUseHttpProxy = false  - Libcurl will NOT use HTTP proxy
LogInit:  - bDontReuseConnections = false  - Libcurl will reuse connections
LogInit:  - MaxHostConnections = 16  - Libcurl will limit the number of connections to a host
LogInit:  - LocalHostAddr = Default
LogInit:  - BufferSize = 65536
LogOnline: OSS: Creating online subsystem instance for: NULL
LogInit: WinSock: version 1.1 (2.2), MaxSocks=32767, MaxUdp=65467
LogOnline: OSS: TryLoadSubsystemAndSetDefault: Loaded subsystem for module [NULL]
LogInit: Build: ++UE4+Release-4.25-CL-13942748
LogInit: Engine Version: 4.25.3-13942748+++UE4+Release-4.25
LogInit: Compatible Engine Version: 4.25.0-13144385+++UE4+Release-4.25
LogInit: Net CL: 13144385
LogInit: OS: Windows 10 (Release 2004) (), CPU: Intel(R) Core(TM) i3-6006U CPU @ 2.00GHz, GPU: Intel(R) HD Graphics 520
LogInit: Compiled (64-bit): Jul 25 2020 02:07:48
LogInit: Compiled with Visual C++: 19.24.28315.00
LogInit: Build Configuration: Development
LogInit: Branch Name: ++UE4+Release-4.25
LogInit: Command Line: 
LogInit: Base Directory: C:/Program Files/Epic Games/UE_4.25/Engine/Binaries/Win64/
LogInit: Allocator: TBB
LogInit: Installed Engine Build: 1
LogDevObjectVersion: Number of dev versions registered: 26
LogDevObjectVersion:   Dev-Blueprints (B0D832E4-1F89-4F0D-ACCF-7EB736FD4AA2): 10
LogDevObjectVersion:   Dev-Build (E1C64328-A22C-4D53-A36C-8E866417BD8C): 0
LogDevObjectVersion:   Dev-Core (375EC13C-06E4-48FB-B500-84F0262A717E): 4
LogDevObjectVersion:   Dev-Editor (E4B068ED-F494-42E9-A231-DA0B2E46BB41): 38
LogDevObjectVersion:   Dev-Framework (CFFC743F-43B0-4480-9391-14DF171D2073): 37
LogDevObjectVersion:   Dev-Mobile (B02B49B5-BB20-44E9-A304-32B752E40360): 2
LogDevObjectVersion:   Dev-Networking (A4E4105C-59A1-49B5-A7C5-40C4547EDFEE): 0
LogDevObjectVersion:   Dev-Online (39C831C9-5AE6-47DC-9A44-9C173E1C8E7C): 0
LogDevObjectVersion:   Dev-Physics (78F01B33-EBEA-4F98-B9B4-84EACCB95AA2): 4
LogDevObjectVersion:   Dev-Platform (6631380F-2D4D-43E0-8009-CF276956A95A): 0
LogDevObjectVersion:   Dev-Rendering (12F88B9F-8875-4AFC-A67C-D90C383ABD29): 43
LogDevObjectVersion:   Dev-Sequencer (7B5AE74C-D270-4C10-A958-57980B212A5A): 12
LogDevObjectVersion:   Dev-VR (D7296918-1DD6-4BDD-9DE2-64A83CC13884): 3
LogDevObjectVersion:   Dev-LoadTimes (C2A15278-BFE7-4AFE-6C17-90FF531DF755): 1
LogDevObjectVersion:   Private-Geometry (6EACA3D4-40EC-4CC1-B786-8BED09428FC5): 3
LogDevObjectVersion:   Dev-AnimPhys (29E575DD-E0A3-4627-9D10-D276232CDCEA): 17
LogDevObjectVersion:   Dev-Anim (AF43A65D-7FD3-4947-9873-3E8ED9C1BB05): 7
LogDevObjectVersion:   Dev-ReflectionCapture (6B266CEC-1EC7-4B8F-A30B-E4D90942FC07): 1
LogDevObjectVersion:   Dev-Automation (0DF73D61-A23F-47EA-B727-89E90C41499A): 1
LogDevObjectVersion:   FortniteMain (601D1886-AC64-4F84-AA16-D3DE0DEAC7D6): 31
LogDevObjectVersion:   Dev-Enterprise (9DFFBCD6-494F-0158-E221-12823C92A888): 10
LogDevObjectVersion:   Dev-Niagara (F2AED0AC-9AFE-416F-8664-AA7FFA26D6FC): 1
LogDevObjectVersion:   Dev-Destruction (174F1F0B-B4C6-45A5-B13F-2EE8D0FB917D): 10
LogDevObjectVersion:   Dev-Physics-Ext (35F94A83-E258-406C-A318-09F59610247C): 37
LogDevObjectVersion:   Dev-PhysicsMaterial-Chaos (B68FC16E-8B1B-42E2-B453-215C058844FE): 1
LogDevObjectVersion:   Dev-CineCamera (B2E18506-4273-CFC2-A54E-F4BB758BBA07): 1
LogInit: Presizing for max 25165824 objects, including 0 objects not considered by GC, pre-allocating 0 bytes for permanent pool.
LogConfig: Applying CVar settings from Section [/Script/Engine.StreamingSettings] File [C:/Users/Home/Documents/Repositories/FPS/fps/Saved/Config/Windows/Engine.ini]
LogConfig: Setting CVar [[s.MinBulkDataSizeForAsyncLoading:131072]]
LogConfig: Setting CVar [[s.AsyncLoadingThreadEnabled:0]]
LogConfig: Setting CVar [[s.EventDrivenLoaderEnabled:1]]
LogConfig: Setting CVar [[s.WarnIfTimeLimitExceeded:0]]
LogConfig: Setting CVar [[s.TimeLimitExceededMultiplier:1.5]]
LogConfig: Setting CVar [[s.TimeLimitExceededMinTime:0.005]]
LogConfig: Setting CVar [[s.UseBackgroundLevelStreaming:1]]
LogConfig: Setting CVar [[s.PriorityAsyncLoadingExtraTime:15.0]]
LogConfig: Setting CVar [[s.LevelStreamingActorsUpdateTimeLimit:5.0]]
LogConfig: Setting CVar [[s.PriorityLevelStreamingActorsUpdateExtraTime:5.0]]
LogConfig: Setting CVar [[s.LevelStreamingComponentsRegistrationGranularity:10]]
LogConfig: Setting CVar [[s.UnregisterComponentsTimeLimit:1.0]]
LogConfig: Setting CVar [[s.LevelStreamingComponentsUnregistrationGranularity:5]]
LogConfig: Setting CVar [[s.FlushStreamingOnExit:1]]
LogInit: Object subsystem initialized
LogConfig: Setting CVar [[con.DebugEarlyDefault:1]]
LogConfig: Setting CVar [[r.setres:1280x720]]
[2020.12.11-23.23.07:091][  0]LogConfig: Setting CVar [[r.VSync:0]]
[2020.12.11-23.23.07:091][  0]LogConfig: Setting CVar [[r.RHICmdBypass:0]]
[2020.12.11-23.23.07:092][  0]LogConfig: Applying CVar settings from Section [/Script/Engine.RendererSettings] File [C:/Users/Home/Documents/Repositories/FPS/fps/Saved/Config/Windows/Engine.ini]
[2020.12.11-23.23.07:092][  0]LogConfig: Setting CVar [[r.GPUCrashDebugging:0]]
[2020.12.11-23.23.07:092][  0]LogConfig: Applying CVar settings from Section [/Script/Engine.RendererOverrideSettings] File [C:/Users/Home/Documents/Repositories/FPS/fps/Saved/Config/Windows/Engine.ini]
[2020.12.11-23.23.07:092][  0]LogConfig: Applying CVar settings from Section [/Script/Engine.StreamingSettings] File [C:/Users/Home/Documents/Repositories/FPS/fps/Saved/Config/Windows/Engine.ini]
[2020.12.11-23.23.07:092][  0]LogConfig: Setting CVar [[s.MinBulkDataSizeForAsyncLoading:131072]]
[2020.12.11-23.23.07:092][  0]LogConfig: Setting CVar [[s.AsyncLoadingThreadEnabled:0]]
[2020.12.11-23.23.07:092][  0]LogConfig: Setting CVar [[s.EventDrivenLoaderEnabled:1]]
[2020.12.11-23.23.07:092][  0]LogConfig: Setting CVar [[s.WarnIfTimeLimitExceeded:0]]
[2020.12.11-23.23.07:092][  0]LogConfig: Setting CVar [[s.TimeLimitExceededMultiplier:1.5]]
[2020.12.11-23.23.07:092][  0]LogConfig: Setting CVar [[s.TimeLimitExceededMinTime:0.005]]
[2020.12.11-23.23.07:092][  0]LogConfig: Setting CVar [[s.UseBackgroundLevelStreaming:1]]
[2020.12.11-23.23.07:093][  0]LogConfig: Setting CVar [[s.PriorityAsyncLoadingExtraTime:15.0]]
[2020.12.11-23.23.07:093][  0]LogConfig: Setting CVar [[s.LevelStreamingActorsUpdateTimeLimit:5.0]]
[2020.12.11-23.23.07:093][  0]LogConfig: Setting CVar [[s.PriorityLevelStreamingActorsUpdateExtraTime:5.0]]
[2020.12.11-23.23.07:093][  0]LogConfig: Setting CVar [[s.LevelStreamingComponentsRegistrationGranularity:10]]
[2020.12.11-23.23.07:093][  0]LogConfig: Setting CVar [[s.UnregisterComponentsTimeLimit:1.0]]
[2020.12.11-23.23.07:093][  0]LogConfig: Setting CVar [[s.LevelStreamingComponentsUnregistrationGranularity:5]]
[2020.12.11-23.23.07:093][  0]LogConfig: Setting CVar [[s.FlushStreamingOnExit:1]]
[2020.12.11-23.23.07:093][  0]LogConfig: Applying CVar settings from Section [/Script/Engine.GarbageCollectionSettings] File [C:/Users/Home/Documents/Repositories/FPS/fps/Saved/Config/Windows/Engine.ini]
[2020.12.11-23.23.07:093][  0]LogConfig: Setting CVar [[gc.MaxObjectsNotConsideredByGC:1]]
[2020.12.11-23.23.07:093][  0]LogConfig: Setting CVar [[gc.SizeOfPermanentObjectPool:0]]
[2020.12.11-23.23.07:093][  0]LogConfig: Setting CVar [[gc.FlushStreamingOnGC:0]]
[2020.12.11-23.23.07:094][  0]LogConfig: Setting CVar [[gc.NumRetriesBeforeForcingGC:10]]
[2020.12.11-23.23.07:094][  0]LogConfig: Setting CVar [[gc.AllowParallelGC:1]]
[2020.12.11-23.23.07:094][  0]LogConfig: Setting CVar [[gc.TimeBetweenPurgingPendingKillObjects:61.1]]
[2020.12.11-23.23.07:094][  0]LogConfig: Setting CVar [[gc.MaxObjectsInEditor:25165824]]
[2020.12.11-23.23.07:094][  0]LogConfig: Setting CVar [[gc.IncrementalBeginDestroyEnabled:1]]
[2020.12.11-23.23.07:094][  0]LogConfig: Setting CVar [[gc.CreateGCClusters:1]]
[2020.12.11-23.23.07:094][  0]LogConfig: Setting CVar [[gc.MinGCClusterSize:5]]
[2020.12.11-23.23.07:094][  0]LogConfig: Setting CVar [[gc.ActorClusteringEnabled:0]]
[2020.12.11-23.23.07:094][  0]LogConfig: Setting CVar [[gc.BlueprintClusteringEnabled:0]]
[2020.12.11-23.23.07:094][  0]LogConfig: Setting CVar [[gc.UseDisregardForGCOnDedicatedServers:0]]
[2020.12.11-23.23.07:094][  0]LogConfig: Applying CVar settings from Section [/Script/Engine.NetworkSettings] File [C:/Users/Home/Documents/Repositories/FPS/fps/Saved/Config/Windows/Engine.ini]
[2020.12.11-23.23.07:094][  0]LogConfig: Applying CVar settings from Section [/Script/UnrealEd.CookerSettings] File [C:/Users/Home/Documents/Repositories/FPS/fps/Saved/Config/Windows/Engine.ini]
[2020.12.11-23.23.07:102][  0]LogConfig: Applying CVar settings from Section [ViewDistanceQuality@3] File [C:/Users/Home/Documents/Repositories/FPS/fps/Saved/Config/Windows/Scalability.ini]
[2020.12.11-23.23.07:102][  0]LogConfig: Setting CVar [[r.SkeletalMeshLODBias:0]]
[2020.12.11-23.23.07:103][  0]LogConfig: Setting CVar [[r.ViewDistanceScale:1.0]]
[2020.12.11-23.23.07:103][  0]LogConfig: Applying CVar settings from Section [AntiAliasingQuality@3] File [C:/Users/Home/Documents/Repositories/FPS/fps/Saved/Config/Windows/Scalability.ini]
[2020.12.11-23.23.07:103][  0]LogConfig: Setting CVar [[r.PostProcessAAQuality:4]]
[2020.12.11-23.23.07:103][  0]LogConfig: Applying CVar settings from Section [ShadowQuality@3] File [C:/Users/Home/Documents/Repositories/FPS/fps/Saved/Config/Windows/Scalability.ini]
[2020.12.11-23.23.07:103][  0]LogConfig: Setting CVar [[r.LightFunctionQuality:1]]
[2020.12.11-23.23.07:103][  0]LogConfig: Setting CVar [[r.ShadowQuality:5]]
[2020.12.11-23.23.07:103][  0]LogConfig: Setting CVar [[r.Shadow.CSM.MaxCascades:10]]
[2020.12.11-23.23.07:103][  0]LogConfig: Setting CVar [[r.Shadow.MaxResolution:2048]]
[2020.12.11-23.23.07:103][  0]LogConfig: Setting CVar [[r.Shadow.MaxCSMResolution:2048]]
[2020.12.11-23.23.07:103][  0]LogConfig: Setting CVar [[r.Shadow.RadiusThreshold:0.01]]
[2020.12.11-23.23.07:103][  0]LogConfig: Setting CVar [[r.Shadow.DistanceScale:1.0]]
[2020.12.11-23.23.07:103][  0]LogConfig: Setting CVar [[r.Shadow.CSM.TransitionScale:1.0]]
[2020.12.11-23.23.07:103][  0]LogConfig: Setting CVar [[r.Shadow.PreShadowResolutionFactor:1.0]]
[2020.12.11-23.23.07:103][  0]LogConfig: Setting CVar [[r.DistanceFieldShadowing:1]]
[2020.12.11-23.23.07:103][  0]LogConfig: Setting CVar [[r.DistanceFieldAO:1]]
[2020.12.11-23.23.07:103][  0]LogConfig: Setting CVar [[r.AOQuality:2]]
[2020.12.11-23.23.07:103][  0]LogConfig: Setting CVar [[r.VolumetricFog:1]]
[2020.12.11-23.23.07:104][  0]LogConfig: Setting CVar [[r.VolumetricFog.GridPixelSize:8]]
[2020.12.11-23.23.07:104][  0]LogConfig: Setting CVar [[r.VolumetricFog.GridSizeZ:128]]
[2020.12.11-23.23.07:104][  0]LogConfig: Setting CVar [[r.VolumetricFog.HistoryMissSupersampleCount:4]]
[2020.12.11-23.23.07:104][  0]LogConfig: Setting CVar [[r.LightMaxDrawDistanceScale:1]]
[2020.12.11-23.23.07:104][  0]LogConfig: Setting CVar [[r.CapsuleShadows:1]]
[2020.12.11-23.23.07:104][  0]LogConfig: Applying CVar settings from Section [PostProcessQuality@3] File [C:/Users/Home/Documents/Repositories/FPS/fps/Saved/Config/Windows/Scalability.ini]
[2020.12.11-23.23.07:104][  0]LogConfig: Setting CVar [[r.MotionBlurQuality:4]]
[2020.12.11-23.23.07:104][  0]LogConfig: Setting CVar [[r.AmbientOcclusionMipLevelFactor:0.4]]
[2020.12.11-23.23.07:104][  0]LogConfig: Setting CVar [[r.AmbientOcclusionMaxQuality:100]]
[2020.12.11-23.23.07:104][  0]LogConfig: Setting CVar [[r.AmbientOcclusionLevels:-1]]
[2020.12.11-23.23.07:104][  0]LogConfig: Setting CVar [[r.AmbientOcclusionRadiusScale:1.0]]
[2020.12.11-23.23.07:104][  0]LogConfig: Setting CVar [[r.DepthOfFieldQuality:2]]
[2020.12.11-23.23.07:105][  0]LogConfig: Setting CVar [[r.RenderTargetPoolMin:400]]
[2020.12.11-23.23.07:105][  0]LogConfig: Setting CVar [[r.LensFlareQuality:2]]
[2020.12.11-23.23.07:105][  0]LogConfig: Setting CVar [[r.SceneColorFringeQuality:1]]
[2020.12.11-23.23.07:105][  0]LogConfig: Setting CVar [[r.EyeAdaptationQuality:2]]
[2020.12.11-23.23.07:105][  0]LogConfig: Setting CVar [[r.BloomQuality:5]]
[2020.12.11-23.23.07:105][  0]LogConfig: Setting CVar [[r.FastBlurThreshold:100]]
[2020.12.11-23.23.07:105][  0]LogConfig: Setting CVar [[r.Upscale.Quality:3]]
[2020.12.11-23.23.07:105][  0]LogConfig: Setting CVar [[r.Tonemapper.GrainQuantization:1]]
[2020.12.11-23.23.07:105][  0]LogConfig: Setting CVar [[r.LightShaftQuality:1]]
[2020.12.11-23.23.07:105][  0]LogConfig: Setting CVar [[r.Filter.SizeScale:1]]
[2020.12.11-23.23.07:105][  0]LogConfig: Setting CVar [[r.Tonemapper.Quality:5]]
[2020.12.11-23.23.07:105][  0]LogConfig: Setting CVar [[r.DOF.Gather.AccumulatorQuality:1        ; higher gathering accumulator quality]]
[2020.12.11-23.23.07:106][  0]LogConfig: Setting CVar [[r.DOF.Gather.PostfilterMethod:1          ; Median3x3 postfilering method]]
[2020.12.11-23.23.07:106][  0]LogConfig: Setting CVar [[r.DOF.Gather.EnableBokehSettings:0       ; no bokeh simulation when gathering]]
[2020.12.11-23.23.07:106][  0]LogConfig: Setting CVar [[r.DOF.Gather.RingCount:4                 ; medium number of samples when gathering]]
[2020.12.11-23.23.07:106][  0]LogConfig: Setting CVar [[r.DOF.Scatter.ForegroundCompositing:1    ; additive foreground scattering]]
[2020.12.11-23.23.07:106][  0]LogConfig: Setting CVar [[r.DOF.Scatter.BackgroundCompositing:2    ; additive background scattering]]
[2020.12.11-23.23.07:106][  0]LogConfig: Setting CVar [[r.DOF.Scatter.EnableBokehSettings:1      ; bokeh simulation when scattering]]
[2020.12.11-23.23.07:106][  0]LogConfig: Setting CVar [[r.DOF.Scatter.MaxSpriteRatio:0.1         ; only a maximum of 10% of scattered bokeh]]
[2020.12.11-23.23.07:106][  0]LogConfig: Setting CVar [[r.DOF.Recombine.Quality:1                ; cheap slight out of focus]]
[2020.12.11-23.23.07:106][  0]LogConfig: Setting CVar [[r.DOF.Recombine.EnableBokehSettings:0    ; no bokeh simulation on slight out of focus]]
[2020.12.11-23.23.07:106][  0]LogConfig: Setting CVar [[r.DOF.TemporalAAQuality:1                ; more stable temporal accumulation]]
[2020.12.11-23.23.07:106][  0]LogConfig: Setting CVar [[r.DOF.Kernel.MaxForegroundRadius:0.025]]
[2020.12.11-23.23.07:106][  0]LogConfig: Setting CVar [[r.DOF.Kernel.MaxBackgroundRadius:0.025]]
[2020.12.11-23.23.07:107][  0]LogConfig: Applying CVar settings from Section [TextureQuality@3] File [C:/Users/Home/Documents/Repositories/FPS/fps/Saved/Config/Windows/Scalability.ini]
[2020.12.11-23.23.07:107][  0]LogConfig: Setting CVar [[r.Streaming.MipBias:0]]
[2020.12.11-23.23.07:107][  0]LogConfig: Setting CVar [[r.Streaming.AmortizeCPUToGPUCopy:0]]
[2020.12.11-23.23.07:107][  0]LogConfig: Setting CVar [[r.Streaming.MaxNumTexturesToStreamPerFrame:0]]
[2020.12.11-23.23.07:107][  0]LogConfig: Setting CVar [[r.Streaming.Boost:1]]
[2020.12.11-23.23.07:107][  0]LogConfig: Setting CVar [[r.MaxAnisotropy:8]]
[2020.12.11-23.23.07:107][  0]LogConfig: Setting CVar [[r.VT.MaxAnisotropy:8]]
[2020.12.11-23.23.07:107][  0]LogConfig: Setting CVar [[r.Streaming.LimitPoolSizeToVRAM:0]]
[2020.12.11-23.23.07:107][  0]LogConfig: Setting CVar [[r.Streaming.PoolSize:1000]]
[2020.12.11-23.23.07:107][  0]LogConfig: Setting CVar [[r.Streaming.MaxEffectiveScreenSize:0]]
[2020.12.11-23.23.07:107][  0]LogConfig: Applying CVar settings from Section [EffectsQuality@3] File [C:/Users/Home/Documents/Repositories/FPS/fps/Saved/Config/Windows/Scalability.ini]
[2020.12.11-23.23.07:107][  0]LogConfig: Setting CVar [[r.TranslucencyLightingVolumeDim:64]]
[2020.12.11-23.23.07:107][  0]LogConfig: Setting CVar [[r.RefractionQuality:2]]
[2020.12.11-23.23.07:107][  0]LogConfig: Setting CVar [[r.SSR.Quality:3]]
[2020.12.11-23.23.07:107][  0]LogConfig: Setting CVar [[r.SSR.HalfResSceneColor:0]]
[2020.12.11-23.23.07:107][  0]LogConfig: Setting CVar [[r.SceneColorFormat:4]]
[2020.12.11-23.23.07:108][  0]LogConfig: Setting CVar [[r.DetailMode:2]]
[2020.12.11-23.23.07:108][  0]LogConfig: Setting CVar [[r.TranslucencyVolumeBlur:1]]
[2020.12.11-23.23.07:108][  0]LogConfig: Setting CVar [[r.MaterialQualityLevel:1 ; High quality]]
[2020.12.11-23.23.07:108][  0]LogConfig: Setting CVar [[r.SSS.Scale:1]]
[2020.12.11-23.23.07:108][  0]LogConfig: Setting CVar [[r.SSS.SampleSet:2]]
[2020.12.11-23.23.07:108][  0]LogConfig: Setting CVar [[r.SSS.Quality:1]]
[2020.12.11-23.23.07:108][  0]LogConfig: Setting CVar [[r.SSS.HalfRes:0]]
[2020.12.11-23.23.07:108][  0]LogConfig: Setting CVar [[r.SSGI.Quality:3]]
[2020.12.11-23.23.07:108][  0]LogConfig: Setting CVar [[r.EmitterSpawnRateScale:1.0]]
[2020.12.11-23.23.07:108][  0]LogConfig: Setting CVar [[r.ParticleLightQuality:2]]
[2020.12.11-23.23.07:108][  0]LogConfig: Setting CVar [[r.SkyAtmosphere.AerialPerspectiveLUT.FastApplyOnOpaque:1 ; Always have FastSkyLUT 1 in this case to avoid wrong sky]]
[2020.12.11-23.23.07:108][  0]LogConfig: Setting CVar [[r.SkyAtmosphere.AerialPerspectiveLUT.SampleCountPerSlice:1]]
[2020.12.11-23.23.07:108][  0]LogConfig: Setting CVar [[r.SkyAtmosphere.AerialPerspectiveLUT.DepthResolution:16.0]]
[2020.12.11-23.23.07:108][  0]LogConfig: Setting CVar [[r.SkyAtmosphere.FastSkyLUT:1]]
[2020.12.11-23.23.07:108][  0]LogConfig: Setting CVar [[r.SkyAtmosphere.FastSkyLUT.SampleCountMin:4.0]]
[2020.12.11-23.23.07:108][  0]LogConfig: Setting CVar [[r.SkyAtmosphere.FastSkyLUT.SampleCountMax:32.0]]
[2020.12.11-23.23.07:109][  0]LogConfig: Setting CVar [[r.SkyAtmosphere.SampleCountMin:4.0]]
[2020.12.11-23.23.07:109][  0]LogConfig: Setting CVar [[r.SkyAtmosphere.SampleCountMax:32.0]]
[2020.12.11-23.23.07:109][  0]LogConfig: Setting CVar [[r.SkyAtmosphere.TransmittanceLUT.UseSmallFormat:0]]
[2020.12.11-23.23.07:109][  0]LogConfig: Setting CVar [[r.SkyAtmosphere.TransmittanceLUT.SampleCount:10.0]]
[2020.12.11-23.23.07:109][  0]LogConfig: Setting CVar [[r.SkyAtmosphere.MultiScatteringLUT.SampleCount:15.0]]
[2020.12.11-23.23.07:109][  0]LogConfig: Applying CVar settings from Section [FoliageQuality@3] File [C:/Users/Home/Documents/Repositories/FPS/fps/Saved/Config/Windows/Scalability.ini]
[2020.12.11-23.23.07:109][  0]LogConfig: Setting CVar [[foliage.DensityScale:1.0]]
[2020.12.11-23.23.07:109][  0]LogConfig: Setting CVar [[grass.DensityScale:1.0]]
[2020.12.11-23.23.07:109][  0]LogConfig: Applying CVar settings from Section [ShadingQuality@3] File [C:/Users/Home/Documents/Repositories/FPS/fps/Saved/Config/Windows/Scalability.ini]
[2020.12.11-23.23.07:109][  0]LogConfig: Setting CVar [[r.HairStrands.SkyLighting.SampleCount:16]]
[2020.12.11-23.23.07:109][  0]LogConfig: Setting CVar [[r.HairStrands.SkyLighting.JitterIntegration:0]]
[2020.12.11-23.23.07:109][  0]LogConfig: Setting CVar [[r.HairStrands.SkyAO.SampleCount:16]]
[2020.12.11-23.23.07:109][  0]LogConfig: Setting CVar [[r.HairStrands.DeepShadow.SuperSampling:0]]
[2020.12.11-23.23.07:109][  0]LogConfig: Setting CVar [[r.HairStrands.VisibilityPPLL:0]]
[2020.12.11-23.23.07:109][  0]LogConfig: Setting CVar [[r.HairStrands.RasterizationScale:0.5]]
[2020.12.11-23.23.07:109][  0]LogConfig: Setting CVar [[r.HairStrands.VelocityRasterizationScale:1]]
[2020.12.11-23.23.07:109][  0]LogInit: Selected Device Profile: [Windows]
[2020.12.11-23.23.07:109][  0]LogInit: Applying CVar settings loaded from the selected device profile: [Windows]
[2020.12.11-23.23.07:109][  0]LogHAL: Display: Platform has ~ 8 GB [8379424768 / 8589934592 / 8], which maps to Default [LargestMinGB=32, LargerMinGB=12, DefaultMinGB=8, SmallerMinGB=6, SmallestMinGB=0)
[2020.12.11-23.23.07:109][  0]LogInit: Going up to parent DeviceProfile []
[2020.12.11-23.23.07:110][  0]LogConfig: Applying CVar settings from Section [ViewDistanceQuality@3] File [C:/Users/Home/Documents/Repositories/FPS/fps/Saved/Config/Windows/Scalability.ini]
[2020.12.11-23.23.07:110][  0]LogConfig: Setting CVar [[r.SkeletalMeshLODBias:0]]
[2020.12.11-23.23.07:110][  0]LogConfig: Setting CVar [[r.ViewDistanceScale:1.0]]
[2020.12.11-23.23.07:110][  0]LogConfig: Applying CVar settings from Section [AntiAliasingQuality@3] File [C:/Users/Home/Documents/Repositories/FPS/fps/Saved/Config/Windows/Scalability.ini]
[2020.12.11-23.23.07:110][  0]LogConfig: Setting CVar [[r.PostProcessAAQuality:4]]
[2020.12.11-23.23.07:110][  0]LogConfig: Applying CVar settings from Section [ShadowQuality@3] File [C:/Users/Home/Documents/Repositories/FPS/fps/Saved/Config/Windows/Scalability.ini]
[2020.12.11-23.23.07:110][  0]LogConfig: Setting CVar [[r.LightFunctionQuality:1]]
[2020.12.11-23.23.07:110][  0]LogConfig: Setting CVar [[r.ShadowQuality:5]]
[2020.12.11-23.23.07:110][  0]LogConfig: Setting CVar [[r.Shadow.CSM.MaxCascades:10]]
[2020.12.11-23.23.07:110][  0]LogConfig: Setting CVar [[r.Shadow.MaxResolution:2048]]
[2020.12.11-23.23.07:111][  0]LogConfig: Setting CVar [[r.Shadow.MaxCSMResolution:2048]]
[2020.12.11-23.23.07:111][  0]LogConfig: Setting CVar [[r.Shadow.RadiusThreshold:0.01]]
[2020.12.11-23.23.07:111][  0]LogConfig: Setting CVar [[r.Shadow.DistanceScale:1.0]]
[2020.12.11-23.23.07:111][  0]LogConfig: Setting CVar [[r.Shadow.CSM.TransitionScale:1.0]]
[2020.12.11-23.23.07:111][  0]LogConfig: Setting CVar [[r.Shadow.PreShadowResolutionFactor:1.0]]
[2020.12.11-23.23.07:111][  0]LogConfig: Setting CVar [[r.DistanceFieldShadowing:1]]
[2020.12.11-23.23.07:111][  0]LogConfig: Setting CVar [[r.DistanceFieldAO:1]]
[2020.12.11-23.23.07:111][  0]LogConfig: Setting CVar [[r.AOQuality:2]]
[2020.12.11-23.23.07:111][  0]LogConfig: Setting CVar [[r.VolumetricFog:1]]
[2020.12.11-23.23.07:111][  0]LogConfig: Setting CVar [[r.VolumetricFog.GridPixelSize:8]]
[2020.12.11-23.23.07:111][  0]LogConfig: Setting CVar [[r.VolumetricFog.GridSizeZ:128]]
[2020.12.11-23.23.07:111][  0]LogConfig: Setting CVar [[r.VolumetricFog.HistoryMissSupersampleCount:4]]
[2020.12.11-23.23.07:112][  0]LogConfig: Setting CVar [[r.LightMaxDrawDistanceScale:1]]
[2020.12.11-23.23.07:112][  0]LogConfig: Setting CVar [[r.CapsuleShadows:1]]
[2020.12.11-23.23.07:112][  0]LogConfig: Applying CVar settings from Section [PostProcessQuality@3] File [C:/Users/Home/Documents/Repositories/FPS/fps/Saved/Config/Windows/Scalability.ini]
[2020.12.11-23.23.07:112][  0]LogConfig: Setting CVar [[r.MotionBlurQuality:4]]
[2020.12.11-23.23.07:112][  0]LogConfig: Setting CVar [[r.AmbientOcclusionMipLevelFactor:0.4]]
[2020.12.11-23.23.07:112][  0]LogConfig: Setting CVar [[r.AmbientOcclusionMaxQuality:100]]
[2020.12.11-23.23.07:112][  0]LogConfig: Setting CVar [[r.AmbientOcclusionLevels:-1]]
[2020.12.11-23.23.07:112][  0]LogConfig: Setting CVar [[r.AmbientOcclusionRadiusScale:1.0]]
[2020.12.11-23.23.07:112][  0]LogConfig: Setting CVar [[r.DepthOfFieldQuality:2]]
[2020.12.11-23.23.07:112][  0]LogConfig: Setting CVar [[r.RenderTargetPoolMin:400]]
[2020.12.11-23.23.07:112][  0]LogConfig: Setting CVar [[r.LensFlareQuality:2]]
[2020.12.11-23.23.07:112][  0]LogConfig: Setting CVar [[r.SceneColorFringeQuality:1]]
[2020.12.11-23.23.07:113][  0]LogConfig: Setting CVar [[r.EyeAdaptationQuality:2]]
[2020.12.11-23.23.07:113][  0]LogConfig: Setting CVar [[r.BloomQuality:5]]
[2020.12.11-23.23.07:113][  0]LogConfig: Setting CVar [[r.FastBlurThreshold:100]]
[2020.12.11-23.23.07:113][  0]LogConfig: Setting CVar [[r.Upscale.Quality:3]]
[2020.12.11-23.23.07:113][  0]LogConfig: Setting CVar [[r.Tonemapper.GrainQuantization:1]]
[2020.12.11-23.23.07:113][  0]LogConfig: Setting CVar [[r.LightShaftQuality:1]]
[2020.12.11-23.23.07:113][  0]LogConfig: Setting CVar [[r.Filter.SizeScale:1]]
[2020.12.11-23.23.07:113][  0]LogConfig: Setting CVar [[r.Tonemapper.Quality:5]]
[2020.12.11-23.23.07:113][  0]LogConfig: Setting CVar [[r.DOF.Gather.AccumulatorQuality:1        ; higher gathering accumulator quality]]
[2020.12.11-23.23.07:113][  0]LogConfig: Setting CVar [[r.DOF.Gather.PostfilterMethod:1          ; Median3x3 postfilering method]]
[2020.12.11-23.23.07:114][  0]LogConfig: Setting CVar [[r.DOF.Gather.EnableBokehSettings:0       ; no bokeh simulation when gathering]]
[2020.12.11-23.23.07:114][  0]LogConfig: Setting CVar [[r.DOF.Gather.RingCount:4                 ; medium number of samples when gathering]]
[2020.12.11-23.23.07:114][  0]LogConfig: Setting CVar [[r.DOF.Scatter.ForegroundCompositing:1    ; additive foreground scattering]]
[2020.12.11-23.23.07:114][  0]LogConfig: Setting CVar [[r.DOF.Scatter.BackgroundCompositing:2    ; additive background scattering]]
[2020.12.11-23.23.07:114][  0]LogConfig: Setting CVar [[r.DOF.Scatter.EnableBokehSettings:1      ; bokeh simulation when scattering]]
[2020.12.11-23.23.07:114][  0]LogConfig: Setting CVar [[r.DOF.Scatter.MaxSpriteRatio:0.1         ; only a maximum of 10% of scattered bokeh]]
[2020.12.11-23.23.07:114][  0]LogConfig: Setting CVar [[r.DOF.Recombine.Quality:1                ; cheap slight out of focus]]
[2020.12.11-23.23.07:114][  0]LogConfig: Setting CVar [[r.DOF.Recombine.EnableBokehSettings:0    ; no bokeh simulation on slight out of focus]]
[2020.12.11-23.23.07:114][  0]LogConfig: Setting CVar [[r.DOF.TemporalAAQuality:1                ; more stable temporal accumulation]]
[2020.12.11-23.23.07:114][  0]LogConfig: Setting CVar [[r.DOF.Kernel.MaxForegroundRadius:0.025]]
[2020.12.11-23.23.07:114][  0]LogConfig: Setting CVar [[r.DOF.Kernel.MaxBackgroundRadius:0.025]]
[2020.12.11-23.23.07:114][  0]LogConfig: Applying CVar settings from Section [TextureQuality@3] File [C:/Users/Home/Documents/Repositories/FPS/fps/Saved/Config/Windows/Scalability.ini]
[2020.12.11-23.23.07:115][  0]LogConfig: Setting CVar [[r.Streaming.MipBias:0]]
[2020.12.11-23.23.07:115][  0]LogConfig: Setting CVar [[r.Streaming.AmortizeCPUToGPUCopy:0]]
[2020.12.11-23.23.07:115][  0]LogConfig: Setting CVar [[r.Streaming.MaxNumTexturesToStreamPerFrame:0]]
[2020.12.11-23.23.07:115][  0]LogConfig: Setting CVar [[r.Streaming.Boost:1]]
[2020.12.11-23.23.07:115][  0]LogConfig: Setting CVar [[r.MaxAnisotropy:8]]
[2020.12.11-23.23.07:115][  0]LogConfig: Setting CVar [[r.VT.MaxAnisotropy:8]]
[2020.12.11-23.23.07:115][  0]LogConfig: Setting CVar [[r.Streaming.LimitPoolSizeToVRAM:0]]
[2020.12.11-23.23.07:115][  0]LogConfig: Setting CVar [[r.Streaming.PoolSize:1000]]
[2020.12.11-23.23.07:115][  0]LogConfig: Setting CVar [[r.Streaming.MaxEffectiveScreenSize:0]]
[2020.12.11-23.23.07:115][  0]LogConfig: Applying CVar settings from Section [EffectsQuality@3] File [C:/Users/Home/Documents/Repositories/FPS/fps/Saved/Config/Windows/Scalability.ini]
[2020.12.11-23.23.07:115][  0]LogConfig: Setting CVar [[r.TranslucencyLightingVolumeDim:64]]
[2020.12.11-23.23.07:115][  0]LogConfig: Setting CVar [[r.RefractionQuality:2]]
[2020.12.11-23.23.07:116][  0]LogConfig: Setting CVar [[r.SSR.Quality:3]]
[2020.12.11-23.23.07:116][  0]LogConfig: Setting CVar [[r.SSR.HalfResSceneColor:0]]
[2020.12.11-23.23.07:116][  0]LogConfig: Setting CVar [[r.SceneColorFormat:4]]
[2020.12.11-23.23.07:116][  0]LogConfig: Setting CVar [[r.DetailMode:2]]
[2020.12.11-23.23.07:116][  0]LogConfig: Setting CVar [[r.TranslucencyVolumeBlur:1]]
[2020.12.11-23.23.07:116][  0]LogConfig: Setting CVar [[r.MaterialQualityLevel:1 ; High quality]]
[2020.12.11-23.23.07:116][  0]LogConfig: Setting CVar [[r.SSS.Scale:1]]
[2020.12.11-23.23.07:116][  0]LogConfig: Setting CVar [[r.SSS.SampleSet:2]]
[2020.12.11-23.23.07:116][  0]LogConfig: Setting CVar [[r.SSS.Quality:1]]
[2020.12.11-23.23.07:116][  0]LogConfig: Setting CVar [[r.SSS.HalfRes:0]]
[2020.12.11-23.23.07:116][  0]LogConfig: Setting CVar [[r.SSGI.Quality:3]]
[2020.12.11-23.23.07:116][  0]LogConfig: Setting CVar [[r.EmitterSpawnRateScale:1.0]]
[2020.12.11-23.23.07:117][  0]LogConfig: Setting CVar [[r.ParticleLightQuality:2]]
[2020.12.11-23.23.07:117][  0]LogConfig: Setting CVar [[r.SkyAtmosphere.AerialPerspectiveLUT.FastApplyOnOpaque:1 ; Always have FastSkyLUT 1 in this case to avoid wrong sky]]
[2020.12.11-23.23.07:117][  0]LogConfig: Setting CVar [[r.SkyAtmosphere.AerialPerspectiveLUT.SampleCountPerSlice:1]]
[2020.12.11-23.23.07:117][  0]LogConfig: Setting CVar [[r.SkyAtmosphere.AerialPerspectiveLUT.DepthResolution:16.0]]
[2020.12.11-23.23.07:117][  0]LogConfig: Setting CVar [[r.SkyAtmosphere.FastSkyLUT:1]]
[2020.12.11-23.23.07:117][  0]LogConfig: Setting CVar [[r.SkyAtmosphere.FastSkyLUT.SampleCountMin:4.0]]
[2020.12.11-23.23.07:117][  0]LogConfig: Setting CVar [[r.SkyAtmosphere.FastSkyLUT.SampleCountMax:32.0]]
[2020.12.11-23.23.07:117][  0]LogConfig: Setting CVar [[r.SkyAtmosphere.SampleCountMin:4.0]]
[2020.12.11-23.23.07:117][  0]LogConfig: Setting CVar [[r.SkyAtmosphere.SampleCountMax:32.0]]
[2020.12.11-23.23.07:117][  0]LogConfig: Setting CVar [[r.SkyAtmosphere.TransmittanceLUT.UseSmallFormat:0]]
[2020.12.11-23.23.07:117][  0]LogConfig: Setting CVar [[r.SkyAtmosphere.TransmittanceLUT.SampleCount:10.0]]
[2020.12.11-23.23.07:117][  0]LogConfig: Setting CVar [[r.SkyAtmosphere.MultiScatteringLUT.SampleCount:15.0]]
[2020.12.11-23.23.07:117][  0]LogConfig: Applying CVar settings from Section [FoliageQuality@3] File [C:/Users/Home/Documents/Repositories/FPS/fps/Saved/Config/Windows/Scalability.ini]
[2020.12.11-23.23.07:118][  0]LogConfig: Setting CVar [[foliage.DensityScale:1.0]]
[2020.12.11-23.23.07:118][  0]LogConfig: Setting CVar [[grass.DensityScale:1.0]]
[2020.12.11-23.23.07:118][  0]LogConfig: Applying CVar settings from Section [ShadingQuality@3] File [C:/Users/Home/Documents/Repositories/FPS/fps/Saved/Config/Windows/Scalability.ini]
[2020.12.11-23.23.07:118][  0]LogConfig: Setting CVar [[r.HairStrands.SkyLighting.SampleCount:16]]
[2020.12.11-23.23.07:118][  0]LogConfig: Setting CVar [[r.HairStrands.SkyLighting.JitterIntegration:0]]
[2020.12.11-23.23.07:118][  0]LogConfig: Setting CVar [[r.HairStrands.SkyAO.SampleCount:16]]
[2020.12.11-23.23.07:118][  0]LogConfig: Setting CVar [[r.HairStrands.DeepShadow.SuperSampling:0]]
[2020.12.11-23.23.07:118][  0]LogConfig: Setting CVar [[r.HairStrands.VisibilityPPLL:0]]
[2020.12.11-23.23.07:118][  0]LogConfig: Setting CVar [[r.HairStrands.RasterizationScale:0.5]]
[2020.12.11-23.23.07:118][  0]LogConfig: Setting CVar [[r.HairStrands.VelocityRasterizationScale:1]]
[2020.12.11-23.23.07:118][  0]LogConfig: Applying CVar settings from Section [Startup] File [../../../Engine/Config/ConsoleVariables.ini]
[2020.12.11-23.23.07:120][  0]LogConfig: Setting CVar [[net.UseAdaptiveNetUpdateFrequency:0]]
[2020.12.11-23.23.07:120][  0]LogConfig: Setting CVar [[p.chaos.AllowCreatePhysxBodies:1]]
[2020.12.11-23.23.07:120][  0]LogConfig: Setting CVar [[fx.SkipVectorVMBackendOptimizations:1]]
[2020.12.11-23.23.07:120][  0]LogConfig: Applying CVar settings from Section [ConsoleVariables] File [C:/Users/Home/Documents/Repositories/FPS/fps/Saved/Config/Windows/Engine.ini]
[2020.12.11-23.23.07:120][  0]LogInit: Computer: DESKTOP-K39K0KJ
[2020.12.11-23.23.07:120][  0]LogInit: User: Home
[2020.12.11-23.23.07:120][  0]LogInit: CPU Page size=4096, Cores=2
[2020.12.11-23.23.07:120][  0]LogInit: High frequency timer resolution =10.000000 MHz
[2020.12.11-23.23.07:121][  0]LogMemory: Memory total: Physical=7.8GB (8GB approx)
[2020.12.11-23.23.07:121][  0]LogMemory: Platform Memory Stats for Windows
[2020.12.11-23.23.07:121][  0]LogMemory: Process Physical Memory: 115.31 MB used, 115.32 MB peak
[2020.12.11-23.23.07:121][  0]LogMemory: Process Virtual Memory: 96.97 MB used, 96.98 MB peak
[2020.12.11-23.23.07:121][  0]LogMemory: Physical Memory: 3651.39 MB used,  4339.86 MB free, 7991.24 MB total
[2020.12.11-23.23.07:121][  0]LogMemory: Virtual Memory: 5092.31 MB used,  134212632.00 MB free, 134217728.00 MB total
[2020.12.11-23.23.07:136][  0]LogWindows: WindowsPlatformFeatures enabled
[2020.12.11-23.23.07:315][  0]LogInit: Physics initialised using underlying interface: PhysX
[2020.12.11-23.23.07:318][  0]LogInit: Using OS detected language (en-US).
[2020.12.11-23.23.07:320][  0]LogInit: Using OS detected locale (en-US).
[2020.12.11-23.23.07:357][  0]LogTextLocalizationManager: No specific localization for 'en-US' exists, so the 'en' localization will be used.
[2020.12.11-23.23.08:127][  0]LogInit: Setting process to per monitor DPI aware
[2020.12.11-23.23.08:214][  0]LogSlate: New Slate User Created.  User Index 0, Is Virtual User: 0
[2020.12.11-23.23.08:214][  0]LogSlate: Slate User Registered.  User Index 0, Is Virtual User: 0
[2020.12.11-23.23.09:180][  0]LogHMD: Failed to initialize OpenVR with code 110
[2020.12.11-23.23.09:180][  0]LogD3D11RHI: D3D11 min allowed feature level: 11_0
[2020.12.11-23.23.09:181][  0]LogD3D11RHI: D3D11 max allowed feature level: 11_0
[2020.12.11-23.23.09:181][  0]LogD3D11RHI: D3D11 adapters:
[2020.12.11-23.23.09:296][  0]LogD3D11RHI:    0. 'Intel(R) HD Graphics 520' (Feature Level 11_0)
[2020.12.11-23.23.09:296][  0]LogD3D11RHI:       128/0/3995 MB DedicatedVideo/DedicatedSystem/SharedSystem, Outputs:1, VendorId:0x8086
[2020.12.11-23.23.09:303][  0]LogD3D11RHI:    1. 'Microsoft Basic Render Driver' (Feature Level 11_0)
[2020.12.11-23.23.09:303][  0]LogD3D11RHI:       0/0/3995 MB DedicatedVideo/DedicatedSystem/SharedSystem, Outputs:0, VendorId:0x1414
[2020.12.11-23.23.09:303][  0]LogD3D11RHI: Chosen D3D11 Adapter: 0
[2020.12.11-23.23.09:318][  0]LogD3D11RHI: Creating new Direct3DDevice
[2020.12.11-23.23.09:319][  0]LogD3D11RHI:     GPU DeviceId: 0x1916 (for the marketing name, search the web for "GPU Device Id")
[2020.12.11-23.23.09:319][  0]LogWindows: EnumDisplayDevices:
[2020.12.11-23.23.09:321][  0]LogWindows:    0. 'Intel(R) HD Graphics 520' (P:1 D:1)
[2020.12.11-23.23.09:322][  0]LogWindows:    1. 'Intel(R) HD Graphics 520' (P:0 D:0)
[2020.12.11-23.23.09:323][  0]LogWindows:    2. 'Intel(R) HD Graphics 520' (P:0 D:0)
[2020.12.11-23.23.09:323][  0]LogWindows: DebugString: FoundDriverCount:3 
[2020.12.11-23.23.09:324][  0]LogD3D11RHI:     Adapter Name: Intel(R) HD Graphics 520
[2020.12.11-23.23.09:324][  0]LogD3D11RHI:   Driver Version: 23.20.16.4973 (internal:23.20.16.4973, unified:23.20.16.4973)
[2020.12.11-23.23.09:324][  0]LogD3D11RHI:      Driver Date: 2-28-2018
[2020.12.11-23.23.09:324][  0]LogRHI: Texture pool is 1488 MB (70% of 2125 MB)
[2020.12.11-23.23.09:418][  0]LogD3D11RHI: RHI does not have support for 64 bit atomics
[2020.12.11-23.23.09:418][  0]LogD3D11RHI: Async texture creation enabled
[2020.12.11-23.23.09:418][  0]LogD3D11RHI: Array index from any shader is supported
[2020.12.11-23.23.09:453][  0]LogD3D11RHI: GPU Timing Frequency: 12.000048 (Debug: 2 0)
[2020.12.11-23.23.10:626][  0]LogTargetPlatformManager: Display: Loaded TargetPlatform 'AllDesktop'
[2020.12.11-23.23.10:701][  0]LogTargetPlatformManager: Display: Loaded TargetPlatform 'Android'
[2020.12.11-23.23.10:701][  0]LogTargetPlatformManager: Display: Loaded TargetPlatform 'Android_ASTC'
[2020.12.11-23.23.10:701][  0]LogTargetPlatformManager: Display: Loaded TargetPlatform 'Android_DXT'
[2020.12.11-23.23.10:701][  0]LogTargetPlatformManager: Display: Loaded TargetPlatform 'Android_ETC2'
[2020.12.11-23.23.10:701][  0]LogTargetPlatformManager: Display: Loaded TargetPlatform 'AndroidClient'
[2020.12.11-23.23.10:701][  0]LogTargetPlatformManager: Display: Loaded TargetPlatform 'Android_ASTCClient'
[2020.12.11-23.23.10:701][  0]LogTargetPlatformManager: Display: Loaded TargetPlatform 'Android_DXTClient'
[2020.12.11-23.23.10:701][  0]LogTargetPlatformManager: Display: Loaded TargetPlatform 'Android_ETC2Client'
[2020.12.11-23.23.10:701][  0]LogTargetPlatformManager: Display: Loaded TargetPlatform 'Android_Multi'
[2020.12.11-23.23.10:701][  0]LogTargetPlatformManager: Display: Loaded TargetPlatform 'Android_MultiClient'
[2020.12.11-23.23.10:776][  0]LogTargetPlatformManager: Display: Loaded TargetPlatform 'IOSClient'
[2020.12.11-23.23.10:777][  0]LogTargetPlatformManager: Display: Loaded TargetPlatform 'IOS'
[2020.12.11-23.23.10:811][  0]LogTargetPlatformManager: Display: Loaded TargetPlatform 'Linux'
[2020.12.11-23.23.10:841][  0]LogTargetPlatformManager: Display: Loaded TargetPlatform 'LinuxNoEditor'
[2020.12.11-23.23.10:868][  0]LogTargetPlatformManager: Display: Loaded TargetPlatform 'LinuxClient'
[2020.12.11-23.23.10:897][  0]LogTargetPlatformManager: Display: Loaded TargetPlatform 'LinuxServer'
[2020.12.11-23.23.10:932][  0]LogTargetPlatformManager: Display: Loaded TargetPlatform 'LinuxAArch64NoEditor'
[2020.12.11-23.23.10:961][  0]LogTargetPlatformManager: Display: Loaded TargetPlatform 'LinuxAArch64Client'
[2020.12.11-23.23.10:990][  0]LogTargetPlatformManager: Display: Loaded TargetPlatform 'LinuxAArch64Server'
[2020.12.11-23.23.11:096][  0]LogTargetPlatformManager: Display: Loaded TargetPlatform 'Lumin'
[2020.12.11-23.23.11:096][  0]LogTargetPlatformManager: Display: Loaded TargetPlatform 'LuminClient'
[2020.12.11-23.23.11:158][  0]LogTargetPlatformManager: Display: Loaded TargetPlatform 'TVOSClient'
[2020.12.11-23.23.11:158][  0]LogTargetPlatformManager: Display: Loaded TargetPlatform 'TVOS'
[2020.12.11-23.23.11:190][  0]LogTargetPlatformManager: Display: Loaded TargetPlatform 'WindowsNoEditor'
[2020.12.11-23.23.11:222][  0]LogTargetPlatformManager: Display: Loaded TargetPlatform 'Windows'
[2020.12.11-23.23.11:250][  0]LogTargetPlatformManager: Display: Loaded TargetPlatform 'WindowsClient'
[2020.12.11-23.23.11:279][  0]LogTargetPlatformManager: Display: Loaded TargetPlatform 'WindowsServer'
[2020.12.11-23.23.11:279][  0]LogTargetPlatformManager: Display: Building Assets For Windows
[2020.12.11-23.23.11:306][  0]LogAudioDebug: Display: Lib vorbis DLL was dynamically loaded.
[2020.12.11-23.23.11:552][  0]LogShaderCompilers: Guid format shader working directory is -13 characters bigger than the processId version (../../../../../../Users/Home/Documents/Repositories/FPS/fps/Intermediate/Shaders/WorkingDirectory/844/).
[2020.12.11-23.23.11:553][  0]LogShaderCompilers: Cleaned the shader compiler working directory 'C:/Users/Home/AppData/Local/Temp/UnrealShaderWorkingDir/5B13D54D4FC1D5B14F24ECA636B4F9F8/'.
[2020.12.11-23.23.11:555][  0]LogXGEController: Cannot use XGE Controller as Incredibuild is not installed on this machine.
[2020.12.11-23.23.11:555][  0]LogShaderCompilers: Cannot use XGE Shader Compiler as Incredibuild is not installed on this machine.
[2020.12.11-23.23.11:556][  0]LogShaderCompilers: Display: Using Local Shader Compiler.
[2020.12.11-23.23.14:312][  0]LogDerivedDataCache: Display: Max Cache Size: 512 MB
[2020.12.11-23.23.14:604][  0]LogDerivedDataCache: Loaded boot cache 0.29s 76MB C:/Users/Home/AppData/Local/UnrealEngine/4.25/DerivedDataCache/Boot.ddc.
[2020.12.11-23.23.14:604][  0]LogDerivedDataCache: Display: Loaded Boot cache: C:/Users/Home/AppData/Local/UnrealEngine/4.25/DerivedDataCache/Boot.ddc
[2020.12.11-23.23.14:605][  0]LogDerivedDataCache: FDerivedDataBackendGraph:  Pak pak cache file ../../../../../../Users/Home/Documents/Repositories/FPS/fps/DerivedDataCache/DDC.ddp not found, will not use a pak cache.
[2020.12.11-23.23.14:605][  0]LogDerivedDataCache: Unable to find inner node Pak for hierarchical cache Hierarchy.
[2020.12.11-23.23.14:605][  0]LogDerivedDataCache: FDerivedDataBackendGraph:  CompressedPak pak cache file ../../../../../../Users/Home/Documents/Repositories/FPS/fps/DerivedDataCache/Compressed.ddp not found, will not use a pak cache.
[2020.12.11-23.23.14:605][  0]LogDerivedDataCache: Unable to find inner node CompressedPak for hierarchical cache Hierarchy.
[2020.12.11-23.23.14:634][  0]LogDerivedDataCache: Display: Pak cache opened for reading ../../../Engine/DerivedDataCache/Compressed.ddp.
[2020.12.11-23.23.14:634][  0]LogDerivedDataCache: FDerivedDataBackendGraph:  EnterprisePak pak cache file ../../../Enterprise/DerivedDataCache/Compressed.ddp not found, will not use a pak cache.
[2020.12.11-23.23.14:634][  0]LogDerivedDataCache: Unable to find inner node EnterprisePak for hierarchical cache Hierarchy.
[2020.12.11-23.23.14:637][  0]LogDerivedDataCache: Using Local data cache path C:/Users/Home/AppData/Local/UnrealEngine/Common/DerivedDataCache: Writable
[2020.12.11-23.23.14:638][  0]LogDerivedDataCache: Shared data cache path not found in *engine.ini, will not use an Shared cache.
[2020.12.11-23.23.14:638][  0]LogDerivedDataCache: Unable to find inner node Shared for hierarchical cache Hierarchy.
[2020.12.11-23.23.14:804][  0]LogSlate: Using FreeType 2.10.0
[2020.12.11-23.23.14:806][  0]LogSlate: SlateFontServices - WITH_FREETYPE: 1, WITH_HARFBUZZ: 1
[2020.12.11-23.23.14:905][  0]LogAssetRegistry: FAssetRegistry took 0.0069 seconds to start up
[2020.12.11-23.23.15:720][  0]LogInit: Selected Device Profile: [Windows]
[2020.12.11-23.23.16:151][  0]LogMeshReduction: Using QuadricMeshReduction for automatic static mesh reduction
[2020.12.11-23.23.16:151][  0]LogMeshReduction: Using SimplygonMeshReduction for automatic skeletal mesh reduction
[2020.12.11-23.23.16:151][  0]LogMeshReduction: Using ProxyLODMeshReduction for automatic mesh merging
[2020.12.11-23.23.16:151][  0]LogMeshReduction: No distributed automatic mesh merging module available
[2020.12.11-23.23.16:153][  0]LogMeshMerging: No distributed automatic mesh merging module available
[2020.12.11-23.23.16:206][  0]LogNetVersion: fps 1.0.0, NetCL: 13144385, EngineNetVer: 14, GameNetVer: 0 (Checksum: 3609810005)
[2020.12.11-23.23.18:359][  0]LogAISub: UAISubsystem::UAISubsystem AISubsystem (000002C4F638A980), frame # 0
[2020.12.11-23.23.18:359][  0]LogAISub: UAISubsystem::UAISubsystem AIPerceptionSystem (000002C4F621EAC0), frame # 0
[2020.12.11-23.23.18:367][  0]LogAISub: UAISubsystem::UAISubsystem EnvQueryManager (000002C4F6271C00), frame # 0
[2020.12.11-23.23.18:508][  0]LogPackageLocalizationCache: Processed 19 localized package path(s) for 1 prioritized culture(s) in 0.097801 seconds
[2020.12.11-23.23.18:521][  0]LogUObjectArray: 15917 objects as part of root set at end of initial load.
[2020.12.11-23.23.18:521][  0]LogUObjectAllocator: 3965568 out of 0 bytes used by permanent object pool.
[2020.12.11-23.23.18:521][  0]LogUObjectArray: CloseDisregardForGC: 0/0 objects in disregard for GC pool
[2020.12.11-23.23.18:733][  0]LogLinker: Warning: Failed to load '/Engine/VREditor/TransformGizmo/SM_Sequencer_Node': Can't find file.
[2020.12.11-23.23.18:733][  0]LogLinker: Warning: Failed to load '/Engine/VREditor/TransformGizmo/SM_Sequencer_Node': Can't find file.
[2020.12.11-23.23.18:733][  0]LogUObjectGlobals: Warning: Failed to find object 'StaticMesh /Engine/VREditor/TransformGizmo/SM_Sequencer_Node.SM_Sequencer_Node'
[2020.12.11-23.23.18:734][  0]Error: CDO Constructor (Manipulator): Failed to find /Engine/VREditor/TransformGizmo/SM_Sequencer_Node

[2020.12.11-23.23.18:735][  0]LogWindows: Windows GetLastError: The operation completed successfully. (0)
[2020.12.11-23.23.22:183][  0]LogWindows: Error: === Critical error: ===
[2020.12.11-23.23.22:183][  0]LogWindows: Error: 
[2020.12.11-23.23.22:183][  0]LogWindows: Error: Assertion failed: StaticMesh != nullptr [File:D:/Build/++UE4+Licensee/Sync/Engine/Source/Editor/ComponentVisualizers/Private/Manipulator.cpp] [Line: 14] 
[2020.12.11-23.23.22:183][  0]LogWindows: Error: 
[2020.12.11-23.23.22:183][  0]LogWindows: Error: 
[2020.12.11-23.23.22:183][  0]LogWindows: Error: 
[2020.12.11-23.23.22:183][  0]LogWindows: Error: [Callstack] 0x00007ffe6eadd759 KERNELBASE.dll!UnknownFunction []
[2020.12.11-23.23.22:183][  0]LogWindows: Error: [Callstack] 0x00007ffdf831e9e6 UE4Editor-Core.dll!UnknownFunction []
[2020.12.11-23.23.22:183][  0]LogWindows: Error: [Callstack] 0x00007ffdf8321dc8 UE4Editor-Core.dll!UnknownFunction []
[2020.12.11-23.23.22:184][  0]LogWindows: Error: [Callstack] 0x00007ffdf80ae53d UE4Editor-Core.dll!UnknownFunction []
[2020.12.11-23.23.22:184][  0]LogWindows: Error: [Callstack] 0x00007ffdf80397b5 UE4Editor-Core.dll!UnknownFunction []
[2020.12.11-23.23.22:184][  0]LogWindows: Error: [Callstack] 0x00007ffdf803baf0 UE4Editor-Core.dll!UnknownFunction []
[2020.12.11-23.23.22:184][  0]LogWindows: Error: [Callstack] 0x00007ffde49f65bb UE4Editor-ComponentVisualizers.dll!UnknownFunction []
[2020.12.11-23.23.22:184][  0]LogWindows: Error: [Callstack] 0x00007ffdf8e2c223 UE4Editor-CoreUObject.dll!UnknownFunction []
[2020.12.11-23.23.22:184][  0]LogWindows: Error: [Callstack] 0x00007ffdf90d8481 UE4Editor-CoreUObject.dll!UnknownFunction []
[2020.12.11-23.23.22:184][  0]LogWindows: Error: [Callstack] 0x00007ffdf90b5bef UE4Editor-CoreUObject.dll!UnknownFunction []
[2020.12.11-23.23.22:184][  0]LogWindows: Error: [Callstack] 0x00007ffdf8fd43d5 UE4Editor-CoreUObject.dll!UnknownFunction []
[2020.12.11-23.23.22:184][  0]LogWindows: Error: [Callstack] 0x00007ffdf80e987a UE4Editor-Core.dll!UnknownFunction []
[2020.12.11-23.23.22:184][  0]LogWindows: Error: [Callstack] 0x00007ffdf8109a00 UE4Editor-Core.dll!UnknownFunction []
[2020.12.11-23.23.22:184][  0]LogWindows: Error: [Callstack] 0x00007ffdf8108b18 UE4Editor-Core.dll!UnknownFunction []
[2020.12.11-23.23.22:184][  0]LogWindows: Error: [Callstack] 0x00007ffdf27562b2 UE4Editor-UMG.dll!UnknownFunction []
[2020.12.11-23.23.22:184][  0]LogWindows: Error: [Callstack] 0x00007ffdf8109a7e UE4Editor-Core.dll!UnknownFunction []
[2020.12.11-23.23.22:184][  0]LogWindows: Error: [Callstack] 0x00007ffdf8108b18 UE4Editor-Core.dll!UnknownFunction []
[2020.12.11-23.23.22:184][  0]LogWindows: Error: [Callstack] 0x00007ff6e091f2cd UE4Editor.exe!UnknownFunction []
[2020.12.11-23.23.22:184][  0]LogWindows: Error: [Callstack] 0x00007ff6e09220cf UE4Editor.exe!UnknownFunction []
[2020.12.11-23.23.22:185][  0]LogWindows: Error: [Callstack] 0x00007ff6e091b7ec UE4Editor.exe!UnknownFunction []
[2020.12.11-23.23.22:185][  0]LogWindows: Error: [Callstack] 0x00007ff6e091bb5a UE4Editor.exe!UnknownFunction []
[2020.12.11-23.23.22:185][  0]LogWindows: Error: [Callstack] 0x00007ff6e092e31d UE4Editor.exe!UnknownFunction []
[2020.12.11-23.23.22:185][  0]LogWindows: Error: [Callstack] 0x00007ff6e093145a UE4Editor.exe!UnknownFunction []
[2020.12.11-23.23.22:185][  0]LogWindows: Error: [Callstack] 0x00007ffe6f1b7034 KERNEL32.DLL!UnknownFunction []
[2020.12.11-23.23.22:185][  0]LogWindows: Error: [Callstack] 0x00007ffe710dd0d1 ntdll.dll!UnknownFunction []
[2020.12.11-23.23.22:185][  0]LogWindows: Error: 
[2020.12.11-23.23.22:216][  0]LogExit: Executing StaticShutdownAfterError
[2020.12.11-23.23.22:218][  0]LogWindows: FPlatformMisc::RequestExit(1)
[2020.12.11-23.23.22:218][  0]LogCore: Engine exit requested (reason: Win RequestExit)
[2020.12.11-23.23.22:224][  0]Log file closed, 12/12/20 02:23:22
